app/build/intermediates/manifest_merge_blame_file/debug/manifest-merger-blame-debug-report.txt
1<?xml version="1.0" encoding="utf-8"?>
2<manifest xmlns:android="http://schemas.android.com/apk/res/android"
3    package="com.singhealth.enhance"
4    android:versionCode="1"
5    android:versionName="1.0" >
6
7    <uses-sdk
8        android:minSdkVersion="30"
9        android:targetSdkVersion="33" />
10
11    <!-- TODO: Add necessary permissions for the app to run correctly -->
12    <!-- To check if app is connected to the Internet -->
13    <uses-permission android:name="android.permission.ACCESS_NETWORK_STATE" />
13-->src\main\AndroidManifest.xml:7:5-79
13-->src\main\AndroidManifest.xml:7:22-76
14
15    <!-- To access the Internet -->
16    <uses-permission android:name="android.permission.INTERNET" />
16-->src\main\AndroidManifest.xml:10:5-67
16-->src\main\AndroidManifest.xml:10:22-64
17
18    <!-- To access the camera -->
19    <uses-permission android:name="android.permission.CAMERA" />
19-->src\main\AndroidManifest.xml:13:5-65
19-->src\main\AndroidManifest.xml:13:22-62
20
21    <uses-feature
21-->src\main\AndroidManifest.xml:14:5-16:36
22        android:name="android.hardware.camera"
22-->src\main\AndroidManifest.xml:15:9-47
23        android:required="false" />
23-->src\main\AndroidManifest.xml:16:9-33
24
25    <!-- To read images from the gallery -->
26    <uses-permission android:name="android.permission.READ_EXTERNAL_STORAGE" />
26-->src\main\AndroidManifest.xml:19:5-80
26-->src\main\AndroidManifest.xml:19:22-77
27
28    <!-- To write images to the gallery -->
29    <uses-permission android:name="android.permission.WRITE_EXTERNAL_STORAGE" />
29-->src\main\AndroidManifest.xml:22:5-81
29-->src\main\AndroidManifest.xml:22:22-78
30
31    <queries>
31-->[com.vanniktech:android-image-cropper:4.5.0] AndroidManifest.xml:9:5-20:15
32        <intent>
32-->[com.vanniktech:android-image-cropper:4.5.0] AndroidManifest.xml:10:9-16:18
33            <action android:name="android.intent.action.GET_CONTENT" />
33-->[com.vanniktech:android-image-cropper:4.5.0] AndroidManifest.xml:11:13-72
33-->[com.vanniktech:android-image-cropper:4.5.0] AndroidManifest.xml:11:21-69
34
35            <category android:name="android.intent.category.OPENABLE" />
35-->[com.vanniktech:android-image-cropper:4.5.0] AndroidManifest.xml:13:13-73
35-->[com.vanniktech:android-image-cropper:4.5.0] AndroidManifest.xml:13:23-70
36
37            <data android:mimeType="*/*" />
37-->[com.vanniktech:android-image-cropper:4.5.0] AndroidManifest.xml:15:13-44
37-->[com.vanniktech:android-image-cropper:4.5.0] AndroidManifest.xml:15:19-41
38        </intent>
39        <intent>
39-->[com.vanniktech:android-image-cropper:4.5.0] AndroidManifest.xml:17:9-19:18
40            <action android:name="android.media.action.IMAGE_CAPTURE" />
40-->[com.vanniktech:android-image-cropper:4.5.0] AndroidManifest.xml:18:13-73
40-->[com.vanniktech:android-image-cropper:4.5.0] AndroidManifest.xml:18:21-70
41        </intent>
42        <intent>
42-->[com.amplifyframework:aws-auth-cognito:2.14.6] AndroidManifest.xml:24:9-28:18
43            <action android:name="android.intent.action.VIEW" />
43-->[com.amplifyframework:aws-auth-cognito:2.14.6] AndroidManifest.xml:25:13-65
43-->[com.amplifyframework:aws-auth-cognito:2.14.6] AndroidManifest.xml:25:21-62
44
45            <data android:scheme="https" />
45-->[com.vanniktech:android-image-cropper:4.5.0] AndroidManifest.xml:15:13-44
46        </intent>
47        <intent>
47-->[com.amplifyframework:aws-auth-cognito:2.14.6] AndroidManifest.xml:29:9-31:18
48            <action android:name="android.support.customtabs.action.CustomTabsService" />
48-->[com.amplifyframework:aws-auth-cognito:2.14.6] AndroidManifest.xml:30:13-90
48-->[com.amplifyframework:aws-auth-cognito:2.14.6] AndroidManifest.xml:30:21-87
49        </intent>
50    </queries>
51
52    <uses-permission android:name="android.permission.WAKE_LOCK" />
52-->[com.google.android.gms:play-services-measurement-api:21.5.0] AndroidManifest.xml:24:5-68
52-->[com.google.android.gms:play-services-measurement-api:21.5.0] AndroidManifest.xml:24:22-65
53    <uses-permission android:name="com.google.android.gms.permission.AD_ID" />
53-->[com.google.android.gms:play-services-measurement-api:21.5.0] AndroidManifest.xml:25:5-79
53-->[com.google.android.gms:play-services-measurement-api:21.5.0] AndroidManifest.xml:25:22-76
54    <uses-permission android:name="android.permission.ACCESS_ADSERVICES_ATTRIBUTION" />
54-->[com.google.android.gms:play-services-measurement-api:21.5.0] AndroidManifest.xml:26:5-88
54-->[com.google.android.gms:play-services-measurement-api:21.5.0] AndroidManifest.xml:26:22-85
55    <uses-permission android:name="android.permission.ACCESS_ADSERVICES_AD_ID" />
55-->[com.google.android.gms:play-services-measurement-api:21.5.0] AndroidManifest.xml:27:5-82
55-->[com.google.android.gms:play-services-measurement-api:21.5.0] AndroidManifest.xml:27:22-79
56    <uses-permission android:name="com.google.android.finsky.permission.BIND_GET_INSTALL_REFERRER_SERVICE" />
56-->[com.google.android.gms:play-services-measurement:21.5.0] AndroidManifest.xml:26:5-110
56-->[com.google.android.gms:play-services-measurement:21.5.0] AndroidManifest.xml:26:22-107
57
58    <permission
58-->[androidx.core:core:1.9.0] AndroidManifest.xml:22:5-24:47
59        android:name="com.singhealth.enhance.DYNAMIC_RECEIVER_NOT_EXPORTED_PERMISSION"
59-->[androidx.core:core:1.9.0] AndroidManifest.xml:23:9-81
60        android:protectionLevel="signature" />
60-->[androidx.core:core:1.9.0] AndroidManifest.xml:24:9-44
61
62    <uses-permission android:name="com.singhealth.enhance.DYNAMIC_RECEIVER_NOT_EXPORTED_PERMISSION" />
62-->[androidx.core:core:1.9.0] AndroidManifest.xml:26:5-97
62-->[androidx.core:core:1.9.0] AndroidManifest.xml:26:22-94
63
64    <application
64-->src\main\AndroidManifest.xml:24:5-158:19
65        android:name="com.singhealth.enhance.MyAmplifyApp"
65-->src\main\AndroidManifest.xml:37:9-37
66        android:allowBackup="false"
66-->src\main\AndroidManifest.xml:25:9-36
67        android:appComponentFactory="androidx.core.app.CoreComponentFactory"
67-->[androidx.core:core:1.9.0] AndroidManifest.xml:28:18-86
68        android:dataExtractionRules="@xml/data_extraction_rules"
68-->src\main\AndroidManifest.xml:26:9-65
69        android:debuggable="true"
70        android:extractNativeLibs="false"
71        android:fullBackupContent="@xml/backup_rules"
71-->src\main\AndroidManifest.xml:27:9-54
72        android:hardwareAccelerated="true"
72-->src\main\AndroidManifest.xml:29:9-43
73        android:icon="@mipmap/ic_launcher"
73-->src\main\AndroidManifest.xml:30:9-43
74        android:label="@string/app_name"
74-->src\main\AndroidManifest.xml:31:9-41
75        android:roundIcon="@mipmap/ic_launcher_round"
75-->src\main\AndroidManifest.xml:32:9-54
76        android:screenOrientation="portrait"
76-->src\main\AndroidManifest.xml:33:9-45
77        android:supportsRtl="true"
77-->src\main\AndroidManifest.xml:34:9-35
78        android:testOnly="true"
79        android:theme="@style/Theme.ENHANCe"
79-->src\main\AndroidManifest.xml:35:9-45
80        android:usesCleartextTraffic="true" >
80-->src\main\AndroidManifest.xml:28:9-44
81
82        <!-- authentication -->
83        <activity
83-->src\main\AndroidManifest.xml:40:9-45:58
84            android:name="com.singhealth.enhance.activities.authentication.AuthenticationActivity"
84-->src\main\AndroidManifest.xml:41:13-77
85            android:configChanges="orientation|screenSize|keyboardHidden"
85-->src\main\AndroidManifest.xml:42:13-74
86            android:exported="false"
86-->src\main\AndroidManifest.xml:43:13-37
87            android:theme="@style/Theme.ENHANCe.NoActionBar"
87-->src\main\AndroidManifest.xml:44:13-61
88            android:windowSoftInputMode="adjustResize" />
88-->src\main\AndroidManifest.xml:45:13-55
89        <activity
89-->src\main\AndroidManifest.xml:47:9-52:58
90            android:name="com.singhealth.enhance.activities.authentication.LoginActivity"
90-->src\main\AndroidManifest.xml:48:13-68
91            android:configChanges="orientation|screenSize|keyboardHidden"
91-->src\main\AndroidManifest.xml:49:13-74
92            android:exported="false"
92-->src\main\AndroidManifest.xml:50:13-37
93            android:theme="@style/Theme.ENHANCe.NoActionBar"
93-->src\main\AndroidManifest.xml:51:13-61
94            android:windowSoftInputMode="adjustResize" />
94-->src\main\AndroidManifest.xml:52:13-55
95
96        <!-- history -->
97        <activity
97-->src\main\AndroidManifest.xml:55:9-59:53
98            android:name="com.singhealth.enhance.activities.history.HistoryActivity"
98-->src\main\AndroidManifest.xml:56:13-63
99            android:configChanges="orientation|screenSize|keyboardHidden"
99-->src\main\AndroidManifest.xml:57:13-74
100            android:exported="false"
100-->src\main\AndroidManifest.xml:58:13-37
101            android:label="@string/history_title" />
101-->src\main\AndroidManifest.xml:59:13-50
102        <!-- ocr -->
103        <activity
103-->src\main\AndroidManifest.xml:61:9-69:20
104            android:name="com.singhealth.enhance.activities.ocr.ScanActivity"
104-->src\main\AndroidManifest.xml:62:13-56
105            android:configChanges="orientation|screenSize"
105-->src\main\AndroidManifest.xml:63:13-59
106            android:exported="false"
106-->src\main\AndroidManifest.xml:64:13-37
107            android:label="@string/scan_title" >
107-->src\main\AndroidManifest.xml:65:13-47
108            <meta-data
108-->src\main\AndroidManifest.xml:66:13-68:39
109                android:name="com.google.firebase.ml.vision.DEPENDENCIES"
109-->src\main\AndroidManifest.xml:67:17-74
110                android:value="ocr" />
110-->src\main\AndroidManifest.xml:68:17-36
111        </activity>
112        <activity
112-->src\main\AndroidManifest.xml:70:9-72:59
113            android:name="com.canhub.cropper.CropImageActivity"
113-->src\main\AndroidManifest.xml:71:13-64
114            android:exported="true"
114-->[com.vanniktech:android-image-cropper:4.5.0] AndroidManifest.xml:35:13-36
115            android:theme="@style/Base.Theme.AppCompat" />
115-->src\main\AndroidManifest.xml:72:13-56
116        <activity
116-->src\main\AndroidManifest.xml:73:9-79:58
117            android:name="com.singhealth.enhance.activities.ocr.VerifyScanActivity"
117-->src\main\AndroidManifest.xml:74:13-62
118            android:configChanges="orientation|screenSize|keyboardHidden"
118-->src\main\AndroidManifest.xml:75:13-74
119            android:exported="false"
119-->src\main\AndroidManifest.xml:76:13-37
120            android:label="Verify scan results"
120-->src\main\AndroidManifest.xml:77:13-48
121            android:parentActivityName="com.singhealth.enhance.activities.ocr.ScanActivity"
121-->src\main\AndroidManifest.xml:78:13-70
122            android:windowSoftInputMode="adjustResize" />
122-->src\main\AndroidManifest.xml:79:13-55
123
124        <!-- patient -->
125        <activity
125-->src\main\AndroidManifest.xml:82:9-86:53
126            android:name="com.singhealth.enhance.activities.patient.ProfileActivity"
126-->src\main\AndroidManifest.xml:83:13-63
127            android:configChanges="orientation|screenSize|keyboardHidden"
127-->src\main\AndroidManifest.xml:84:13-74
128            android:exported="false"
128-->src\main\AndroidManifest.xml:85:13-37
129            android:label="@string/profile_title" />
129-->src\main\AndroidManifest.xml:86:13-50
130        <activity
130-->src\main\AndroidManifest.xml:87:9-92:58
131            android:name="com.singhealth.enhance.activities.patient.RegistrationActivity"
131-->src\main\AndroidManifest.xml:88:13-68
132            android:configChanges="orientation|screenSize|keyboardHidden"
132-->src\main\AndroidManifest.xml:89:13-74
133            android:exported="false"
133-->src\main\AndroidManifest.xml:90:13-37
134            android:label="@string/patient_registration_title"
134-->src\main\AndroidManifest.xml:91:13-63
135            android:windowSoftInputMode="adjustResize" />
135-->src\main\AndroidManifest.xml:92:13-55
136
137        <!-- result -->
138        <activity
138-->src\main\AndroidManifest.xml:95:9-100:80
139            android:name="com.singhealth.enhance.activities.result.RecommendationActivity"
139-->src\main\AndroidManifest.xml:96:13-69
140            android:configChanges="orientation|screenSize|keyboardHidden"
140-->src\main\AndroidManifest.xml:97:13-74
141            android:exported="false"
141-->src\main\AndroidManifest.xml:98:13-37
142            android:label="Outcome and recommendation"
142-->src\main\AndroidManifest.xml:99:13-55
143            android:parentActivityName="com.singhealth.enhance.activities.history.HistoryActivity" />
143-->src\main\AndroidManifest.xml:100:13-77
144
145        <!-- settings -->
146        <activity
146-->src\main\AndroidManifest.xml:103:9-108:82
147            android:name="com.singhealth.enhance.activities.settings.AboutAppActivity"
147-->src\main\AndroidManifest.xml:104:13-65
148            android:configChanges="orientation|screenSize|keyboardHidden"
148-->src\main\AndroidManifest.xml:105:13-74
149            android:exported="false"
149-->src\main\AndroidManifest.xml:106:13-37
150            android:label="@string/about_enhance_title"
150-->src\main\AndroidManifest.xml:107:13-56
151            android:parentActivityName="com.singhealth.enhance.activities.settings.SettingsActivity" />
151-->src\main\AndroidManifest.xml:108:13-79
152        <activity
152-->src\main\AndroidManifest.xml:109:9-114:82
153            android:name="com.singhealth.enhance.activities.settings.guide.UserGuideActivity"
153-->src\main\AndroidManifest.xml:110:13-72
154            android:configChanges="orientation|screenSize|keyboardHidden"
154-->src\main\AndroidManifest.xml:111:13-74
155            android:exported="false"
155-->src\main\AndroidManifest.xml:112:13-37
156            android:label="@string/user_guide_title"
156-->src\main\AndroidManifest.xml:113:13-53
157            android:parentActivityName="com.singhealth.enhance.activities.settings.SettingsActivity" />
157-->src\main\AndroidManifest.xml:114:13-79
158        <activity
158-->src\main\AndroidManifest.xml:115:9-120:82
159            android:name="com.singhealth.enhance.activities.settings.PrivacyStatementActivity"
159-->src\main\AndroidManifest.xml:116:13-73
160            android:configChanges="orientation|screenSize|keyboardHidden"
160-->src\main\AndroidManifest.xml:117:13-74
161            android:exported="false"
161-->src\main\AndroidManifest.xml:118:13-37
162            android:label="@string/privacy_statement_title"
162-->src\main\AndroidManifest.xml:119:13-60
163            android:parentActivityName="com.singhealth.enhance.activities.settings.SettingsActivity" />
163-->src\main\AndroidManifest.xml:120:13-79
164        <activity
164-->src\main\AndroidManifest.xml:121:9-125:54
165            android:name="com.singhealth.enhance.activities.settings.SettingsActivity"
165-->src\main\AndroidManifest.xml:122:13-65
166            android:configChanges="orientation|screenSize|keyboardHidden"
166-->src\main\AndroidManifest.xml:123:13-74
167            android:exported="false"
167-->src\main\AndroidManifest.xml:124:13-37
168            android:label="@string/settings_title" />
168-->src\main\AndroidManifest.xml:125:13-51
169        <activity
169-->src\main\AndroidManifest.xml:126:9-131:82
170            android:name="com.singhealth.enhance.activities.settings.TermsOfUseActivity"
170-->src\main\AndroidManifest.xml:127:13-67
171            android:configChanges="orientation|screenSize|keyboardHidden"
171-->src\main\AndroidManifest.xml:128:13-74
172            android:exported="false"
172-->src\main\AndroidManifest.xml:129:13-37
173            android:label="@string/terms_of_use_title"
173-->src\main\AndroidManifest.xml:130:13-55
174            android:parentActivityName="com.singhealth.enhance.activities.settings.SettingsActivity" />
174-->src\main\AndroidManifest.xml:131:13-79
175
176        <!-- MainActivity and SplashScreenActivity -->
177        <activity
177-->src\main\AndroidManifest.xml:134:9-139:58
178            android:name="com.singhealth.enhance.activities.MainActivity"
178-->src\main\AndroidManifest.xml:135:13-52
179            android:configChanges="orientation|screenSize|keyboardHidden"
179-->src\main\AndroidManifest.xml:136:13-74
180            android:exported="true"
180-->src\main\AndroidManifest.xml:137:13-36
181            android:label="@string/home_title"
181-->src\main\AndroidManifest.xml:138:13-47
182            android:windowSoftInputMode="adjustResize" />
182-->src\main\AndroidManifest.xml:139:13-55
183        <activity
183-->src\main\AndroidManifest.xml:140:9-149:20
184            android:name="com.singhealth.enhance.activities.SplashScreenActivity"
184-->src\main\AndroidManifest.xml:141:13-60
185            android:configChanges="orientation|screenSize|keyboardHidden"
185-->src\main\AndroidManifest.xml:142:13-74
186            android:exported="true"
186-->src\main\AndroidManifest.xml:143:13-36
187            android:theme="@style/Theme.ENHANCe.NoActionBar" >
187-->src\main\AndroidManifest.xml:144:13-61
188            <intent-filter>
188-->src\main\AndroidManifest.xml:145:13-148:29
189                <action android:name="android.intent.action.MAIN" />
189-->src\main\AndroidManifest.xml:146:17-69
189-->src\main\AndroidManifest.xml:146:25-66
190
191                <category android:name="android.intent.category.LAUNCHER" />
191-->src\main\AndroidManifest.xml:147:17-77
191-->src\main\AndroidManifest.xml:147:27-74
192            </intent-filter>
193        </activity>
194        <activity
194-->src\main\AndroidManifest.xml:150:9-156:20
195            android:name="com.singhealth.enhance.activities.DashboardActivity"
195-->src\main\AndroidManifest.xml:151:13-57
196            android:configChanges="orientation|screenSize|keyboardHidden"
196-->src\main\AndroidManifest.xml:152:13-74
197            android:exported="false"
197-->src\main\AndroidManifest.xml:153:13-37
198            android:label="Dashboard" >
198-->src\main\AndroidManifest.xml:154:13-38
199        </activity>
200
201        <provider
201-->[com.vanniktech:android-image-cropper:4.5.0] AndroidManifest.xml:23:9-31:20
202            android:name="com.canhub.cropper.CropFileProvider"
202-->[com.vanniktech:android-image-cropper:4.5.0] AndroidManifest.xml:24:13-63
203            android:authorities="com.singhealth.enhance.cropper.fileprovider"
203-->[com.vanniktech:android-image-cropper:4.5.0] AndroidManifest.xml:25:13-72
204            android:exported="false"
204-->[com.vanniktech:android-image-cropper:4.5.0] AndroidManifest.xml:26:13-37
205            android:grantUriPermissions="true" >
205-->[com.vanniktech:android-image-cropper:4.5.0] AndroidManifest.xml:27:13-47
206            <meta-data
206-->[com.vanniktech:android-image-cropper:4.5.0] AndroidManifest.xml:28:13-30:62
207                android:name="android.support.FILE_PROVIDER_PATHS"
207-->[com.vanniktech:android-image-cropper:4.5.0] AndroidManifest.xml:29:17-67
208                android:resource="@xml/library_file_paths" />
208-->[com.vanniktech:android-image-cropper:4.5.0] AndroidManifest.xml:30:17-59
209        </provider>
210
211        <service
211-->[com.google.firebase:firebase-storage-ktx:20.3.0] AndroidManifest.xml:9:9-15:19
212            android:name="com.google.firebase.components.ComponentDiscoveryService"
212-->[com.google.firebase:firebase-storage-ktx:20.3.0] AndroidManifest.xml:10:13-84
213            android:directBootAware="true"
213-->[com.google.firebase:firebase-common:20.4.2] AndroidManifest.xml:32:13-43
214            android:exported="false" >
214-->[com.google.firebase:firebase-storage-ktx:20.3.0] AndroidManifest.xml:11:13-37
215            <meta-data
215-->[com.google.firebase:firebase-storage-ktx:20.3.0] AndroidManifest.xml:12:13-14:85
216                android:name="com.google.firebase.components:com.google.firebase.storage.ktx.FirebaseStorageLegacyRegistrar"
216-->[com.google.firebase:firebase-storage-ktx:20.3.0] AndroidManifest.xml:13:17-125
217                android:value="com.google.firebase.components.ComponentRegistrar" />
217-->[com.google.firebase:firebase-storage-ktx:20.3.0] AndroidManifest.xml:14:17-82
218            <meta-data
218-->[com.google.firebase:firebase-firestore-ktx:24.9.1] AndroidManifest.xml:12:13-14:85
219                android:name="com.google.firebase.components:com.google.firebase.firestore.ktx.FirebaseFirestoreLegacyRegistrar"
219-->[com.google.firebase:firebase-firestore-ktx:24.9.1] AndroidManifest.xml:13:17-129
220                android:value="com.google.firebase.components.ComponentRegistrar" />
220-->[com.google.firebase:firebase-firestore-ktx:24.9.1] AndroidManifest.xml:14:17-82
221            <meta-data
221-->[com.google.firebase:firebase-analytics-ktx:21.5.0] AndroidManifest.xml:11:13-13:85
222                android:name="com.google.firebase.components:com.google.firebase.analytics.ktx.FirebaseAnalyticsLegacyRegistrar"
222-->[com.google.firebase:firebase-analytics-ktx:21.5.0] AndroidManifest.xml:12:17-129
223                android:value="com.google.firebase.components.ComponentRegistrar" />
223-->[com.google.firebase:firebase-analytics-ktx:21.5.0] AndroidManifest.xml:13:17-82
224            <meta-data
224-->[com.google.firebase:firebase-auth-ktx:22.2.0] AndroidManifest.xml:11:13-13:85
225                android:name="com.google.firebase.components:com.google.firebase.auth.ktx.FirebaseAuthLegacyRegistrar"
225-->[com.google.firebase:firebase-auth-ktx:22.2.0] AndroidManifest.xml:12:17-119
226                android:value="com.google.firebase.components.ComponentRegistrar" />
226-->[com.google.firebase:firebase-auth-ktx:22.2.0] AndroidManifest.xml:13:17-82
227            <meta-data
227-->[com.google.firebase:firebase-storage:20.3.0] AndroidManifest.xml:30:13-32:85
228                android:name="com.google.firebase.components:com.google.firebase.storage.FirebaseStorageKtxRegistrar"
228-->[com.google.firebase:firebase-storage:20.3.0] AndroidManifest.xml:31:17-118
229                android:value="com.google.firebase.components.ComponentRegistrar" />
229-->[com.google.firebase:firebase-storage:20.3.0] AndroidManifest.xml:32:17-82
230            <meta-data
230-->[com.google.firebase:firebase-storage:20.3.0] AndroidManifest.xml:33:13-35:85
231                android:name="com.google.firebase.components:com.google.firebase.storage.StorageRegistrar"
231-->[com.google.firebase:firebase-storage:20.3.0] AndroidManifest.xml:34:17-107
232                android:value="com.google.firebase.components.ComponentRegistrar" />
232-->[com.google.firebase:firebase-storage:20.3.0] AndroidManifest.xml:35:17-82
233            <meta-data
233-->[com.google.firebase:firebase-firestore:24.9.1] AndroidManifest.xml:17:13-19:85
234                android:name="com.google.firebase.components:com.google.firebase.firestore.FirebaseFirestoreKtxRegistrar"
234-->[com.google.firebase:firebase-firestore:24.9.1] AndroidManifest.xml:18:17-122
235                android:value="com.google.firebase.components.ComponentRegistrar" />
235-->[com.google.firebase:firebase-firestore:24.9.1] AndroidManifest.xml:19:17-82
236            <meta-data
236-->[com.google.firebase:firebase-firestore:24.9.1] AndroidManifest.xml:20:13-22:85
237                android:name="com.google.firebase.components:com.google.firebase.firestore.FirestoreRegistrar"
237-->[com.google.firebase:firebase-firestore:24.9.1] AndroidManifest.xml:21:17-111
238                android:value="com.google.firebase.components.ComponentRegistrar" />
238-->[com.google.firebase:firebase-firestore:24.9.1] AndroidManifest.xml:22:17-82
239            <meta-data
239-->[com.google.firebase:firebase-auth:22.2.0] AndroidManifest.xml:69:13-71:85
240                android:name="com.google.firebase.components:com.google.firebase.auth.FirebaseAuthRegistrar"
240-->[com.google.firebase:firebase-auth:22.2.0] AndroidManifest.xml:70:17-109
241                android:value="com.google.firebase.components.ComponentRegistrar" />
241-->[com.google.firebase:firebase-auth:22.2.0] AndroidManifest.xml:71:17-82
242            <meta-data
242-->[com.google.firebase:firebase-ml-vision:24.1.0] AndroidManifest.xml:12:13-14:85
243                android:name="com.google.firebase.components:com.google.firebase.ml.vision.VisionRegistrar"
243-->[com.google.firebase:firebase-ml-vision:24.1.0] AndroidManifest.xml:13:17-108
244                android:value="com.google.firebase.components.ComponentRegistrar" />
244-->[com.google.firebase:firebase-ml-vision:24.1.0] AndroidManifest.xml:14:17-82
245            <meta-data
245-->[com.google.firebase:firebase-ml-common:22.1.2] AndroidManifest.xml:11:13-13:85
246                android:name="com.google.firebase.components:com.google.firebase.ml.common.CommonComponentRegistrar"
246-->[com.google.firebase:firebase-ml-common:22.1.2] AndroidManifest.xml:12:17-117
247                android:value="com.google.firebase.components.ComponentRegistrar" />
247-->[com.google.firebase:firebase-ml-common:22.1.2] AndroidManifest.xml:13:17-82
248            <meta-data
248-->[com.google.android.gms:play-services-measurement-api:21.5.0] AndroidManifest.xml:37:13-39:85
249                android:name="com.google.firebase.components:com.google.firebase.analytics.connector.internal.AnalyticsConnectorRegistrar"
249-->[com.google.android.gms:play-services-measurement-api:21.5.0] AndroidManifest.xml:38:17-139
250                android:value="com.google.firebase.components.ComponentRegistrar" />
250-->[com.google.android.gms:play-services-measurement-api:21.5.0] AndroidManifest.xml:39:17-82
251            <meta-data
251-->[com.google.firebase:firebase-installations:17.2.0] AndroidManifest.xml:15:13-17:85
252                android:name="com.google.firebase.components:com.google.firebase.installations.FirebaseInstallationsKtxRegistrar"
252-->[com.google.firebase:firebase-installations:17.2.0] AndroidManifest.xml:16:17-130
253                android:value="com.google.firebase.components.ComponentRegistrar" />
253-->[com.google.firebase:firebase-installations:17.2.0] AndroidManifest.xml:17:17-82
254            <meta-data
254-->[com.google.firebase:firebase-installations:17.2.0] AndroidManifest.xml:18:13-20:85
255                android:name="com.google.firebase.components:com.google.firebase.installations.FirebaseInstallationsRegistrar"
255-->[com.google.firebase:firebase-installations:17.2.0] AndroidManifest.xml:19:17-127
256                android:value="com.google.firebase.components.ComponentRegistrar" />
256-->[com.google.firebase:firebase-installations:17.2.0] AndroidManifest.xml:20:17-82
257            <meta-data
257-->[com.google.firebase:firebase-appcheck:17.1.1] AndroidManifest.xml:25:13-27:85
258                android:name="com.google.firebase.components:com.google.firebase.appcheck.FirebaseAppCheckKtxRegistrar"
258-->[com.google.firebase:firebase-appcheck:17.1.1] AndroidManifest.xml:26:17-120
259                android:value="com.google.firebase.components.ComponentRegistrar" />
259-->[com.google.firebase:firebase-appcheck:17.1.1] AndroidManifest.xml:27:17-82
260            <meta-data
260-->[com.google.firebase:firebase-appcheck:17.1.1] AndroidManifest.xml:28:13-30:85
261                android:name="com.google.firebase.components:com.google.firebase.appcheck.FirebaseAppCheckRegistrar"
261-->[com.google.firebase:firebase-appcheck:17.1.1] AndroidManifest.xml:29:17-117
262                android:value="com.google.firebase.components.ComponentRegistrar" />
262-->[com.google.firebase:firebase-appcheck:17.1.1] AndroidManifest.xml:30:17-82
263            <meta-data
263-->[com.google.firebase:firebase-common-ktx:20.4.2] AndroidManifest.xml:12:13-14:85
264                android:name="com.google.firebase.components:com.google.firebase.ktx.FirebaseCommonLegacyRegistrar"
264-->[com.google.firebase:firebase-common-ktx:20.4.2] AndroidManifest.xml:13:17-116
265                android:value="com.google.firebase.components.ComponentRegistrar" />
265-->[com.google.firebase:firebase-common-ktx:20.4.2] AndroidManifest.xml:14:17-82
266            <meta-data
266-->[com.google.firebase:firebase-common:20.4.2] AndroidManifest.xml:35:13-37:85
267                android:name="com.google.firebase.components:com.google.firebase.FirebaseCommonKtxRegistrar"
267-->[com.google.firebase:firebase-common:20.4.2] AndroidManifest.xml:36:17-109
268                android:value="com.google.firebase.components.ComponentRegistrar" />
268-->[com.google.firebase:firebase-common:20.4.2] AndroidManifest.xml:37:17-82
269        </service>
270
271        <activity
271-->[com.amplifyframework:aws-auth-cognito:2.14.6] AndroidManifest.xml:35:9-39:75
272            android:name="com.amplifyframework.auth.cognito.activities.CustomTabsManagerActivity"
272-->[com.amplifyframework:aws-auth-cognito:2.14.6] AndroidManifest.xml:36:13-98
273            android:exported="false"
273-->[com.amplifyframework:aws-auth-cognito:2.14.6] AndroidManifest.xml:37:13-37
274            android:launchMode="singleTask"
274-->[com.amplifyframework:aws-auth-cognito:2.14.6] AndroidManifest.xml:38:13-44
275            android:theme="@android:style/Theme.Translucent.NoTitleBar" />
275-->[com.amplifyframework:aws-auth-cognito:2.14.6] AndroidManifest.xml:39:13-72
276        <activity
276-->[com.amplifyframework:core:2.14.6] AndroidManifest.xml:26:9-28:54
277            android:name="com.amplifyframework.devmenu.DeveloperMenuActivity"
277-->[com.amplifyframework:core:2.14.6] AndroidManifest.xml:27:13-78
278            android:theme="@style/OverlayActivity" />
278-->[com.amplifyframework:core:2.14.6] AndroidManifest.xml:28:13-51
279        <activity
279-->[com.google.firebase:firebase-auth:22.2.0] AndroidManifest.xml:29:9-46:20
280            android:name="com.google.firebase.auth.internal.GenericIdpActivity"